Step: build-step-credential-initializer:

{"level":"warn","ts":1560175347.704394,"logger":"fallback-logger","caller":"logging/config.go:65","msg":"Fetch GitHub commit ID from kodata failed: \"ref: refs/heads/test\" is not a valid GitHub commit ID"}
{"level":"info","ts":1560175347.7082636,"logger":"fallback-logger","caller":"creds-init/main.go:40","msg":"Credentials initialized."}
Step: build-step-git-source-0:

{"level":"warn","ts":1560175349.489353,"logger":"fallback-logger","caller":"logging/config.go:65","msg":"Fetch GitHub commit ID from kodata failed: \"ref: refs/heads/test\" is not a valid GitHub commit ID"}
{"level":"info","ts":1560175350.049639,"logger":"fallback-logger","caller":"git-init/main.go:92","msg":"Successfully cloned \"https://github.com/*******/nodejs3.git\" @ \"fd7d490058b1dce526bac16a111c42026da46922\" in path \"/workspace\""}
Step: build-step-jenkins:

Picked up _JAVA_OPTIONS: -Xmx400m
Started
Running in Durability level: PERFORMANCE_OPTIMIZED
  17.770 [id=33]	WARNING	i.f.k.c.i.VersionUsageUtils#alert: The client is using resource type 'customresourcedefinitions' with unstable version 'v1beta1'
[Pipeline] Start of Pipeline
[Pipeline] node
Running on Jenkins in /tmp/jenkinsTests.tmp/jenkins7714710826479367480test/workspace/job
[Pipeline] {
[Pipeline] stage
[Pipeline] { (Declarative: Checkout SCM)
[Pipeline] checkout
[Pipeline] }
[Pipeline] // stage
[Pipeline] withCredentials
Masking only exact matches of $CHARTMUSEUM_CREDS or $CHARTMUSEUM_CREDS_USR or $CHARTMUSEUM_CREDS_PSW
[Pipeline] {
[Pipeline] withEnv
[Pipeline] {
[Pipeline] stage
[Pipeline] { (CI Build and push snapshot)
[Pipeline] withEnv
[Pipeline] {
[Pipeline] sh
+ npm install
npm notice created a lockfile as package-lock.json. You should commit this file.
npm WARN REPLACE_ME@1.0.0 No repository field.
npm WARN REPLACE_ME@1.0.0 No license field.

up to date in 0.075s
[Pipeline] sh
+ CI=true DISPLAY=:99 npm test

> REPLACE_ME@1.0.0 test /tmp/jenkinsTests.tmp/jenkins7714710826479367480test/workspace/job
> echo "no test specified" && exit 0

no test specified
[Pipeline] sh
+ export VERSION=0.0.0-SNAPSHOT-PR-11-1
+ skaffold build -f skaffold.yaml
time="2019-06-10T14:03:11Z" level=warning msg="config version (skaffold/v1beta2) out of date: upgrading to latest (skaffold/v1beta7)"
Generating tags...
 - changeme -> 10.3.0.167:5000/*******/nodejs3:0.0.0-SNAPSHOT-PR-11-1
Tags generated in 8.065581ms
Starting build...
Building [changeme]...
Sending build context to Docker daemon  96.26kB
Step 1/6 : FROM node:9-slim
 ---> e20bb4abe4ee
Step 2/6 : ENV PORT 8080
 ---> Using cache
 ---> 49bca859a9c9
Step 3/6 : EXPOSE 8080
 ---> Using cache
 ---> 5f71e40a34ea
Step 4/6 : WORKDIR /usr/src/app
 ---> Using cache
 ---> 5326f13bdcdf
Step 5/6 : COPY . .
 ---> 2a43f64c1e92
Step 6/6 : CMD ["npm", "start"]
 ---> Running in 07189914f2d2
 ---> 79dd00a5913a
Successfully built 79dd00a5913a
Successfully tagged 10.3.0.167:5000/*******/nodejs3:0.0.0-SNAPSHOT-PR-11-1
The push refers to repository [10.3.0.167:5000/*******/nodejs3]
ccaab05dd680: Preparing
26c683e848dc: Preparing
e16c226cf2a8: Preparing
7fd597d009e4: Preparing
7c6ab5fb7059: Preparing
ed271eac23e9: Preparing
156ff16f37e4: Preparing
ed271eac23e9: Waiting
156ff16f37e4: Waiting
7fd597d009e4: Layer already exists
7c6ab5fb7059: Layer already exists
e16c226cf2a8: Layer already exists
ed271eac23e9: Layer already exists
156ff16f37e4: Layer already exists
26c683e848dc: Pushed
ccaab05dd680: Pushed
0.0.0-SNAPSHOT-PR-11-1: digest: sha256:b339c576eadae072a659618ecb017d792173206725d2e4245f92fa3188bb8c8a size: 1786
Build complete in 3.251731873s
Starting test...
Test complete in 4.1µs
Complete in 3.299079148s
There is a new version (0.31.0) of Skaffold available. Download it at https://storage.googleapis.com/skaffold/releases/latest/skaffold-linux-amd64

[Pipeline] sh
+ ** step post build --image 10.3.0.167:5000/*******/nodejs3:0.0.0-SNAPSHOT-PR-11-1
[Pipeline] dir
Running in /tmp/jenkinsTests.tmp/jenkins7714710826479367480test/workspace/job/charts/preview
[Pipeline] {
[Pipeline] sh
+ make preview
sed -i -e "s/version:.*/version: 0.0.0-SNAPSHOT-PR-11-1/" Chart.yaml
sed -i -e "s/version:.*/version: 0.0.0-SNAPSHOT-PR-11-1/" ../*/Chart.yaml
sed -i -e "s|repository:.*|repository: 10.3.0.167:5000\/*******\/nodejs3|" values.yaml
sed -i -e "s/tag:.*/tag: 0.0.0-SNAPSHOT-PR-11-1/" values.yaml
echo "  version: 0.0.0-SNAPSHOT-PR-11-1" >> requirements.yaml
** step helm build
No $CHART_REPOSITORY defined so using the default value of: http://jenkins-x-chartmuseum:8080
Adding missing Helm repo: jenkins-x http://chartmuseum.jenkins-x.io
Successfully added Helm repository jenkins-x.
Adding missing Helm repo: releases http://jenkins-x-chartmuseum:8080
Successfully added Helm repository releases.
[Pipeline] sh
+ ** preview --app nodejs3 --dir ../..
Creating a preview
Commit author email is empty for: 6c70da8f9d697edfff23ae48dde3afe45d174401
Looking for commits in: /tmp/jenkinsTests.tmp/jenkins7714710826479367480test/workspace/job/
Commit not found: 6c70da8f9d697edfff23ae48dde3afe45d174401
Commit author email is empty for: 7c8e5c00e2a58bcd9737ca9b2d2c6d7ba2cc8487
Looking for commits in: /tmp/jenkinsTests.tmp/jenkins7714710826479367480test/workspace/job/
Commit not found: 7c8e5c00e2a58bcd9737ca9b2d2c6d7ba2cc8487
Commit author email is empty for: 43549603394e6c7706f32c89d1a93d8a85579be1
Looking for commits in: /tmp/jenkinsTests.tmp/jenkins7714710826479367480test/workspace/job/
Commit not found: 43549603394e6c7706f32c89d1a93d8a85579be1
Commit author email is empty for: fd7d490058b1dce526bac16a111c42026da46922
Looking for commits in: /tmp/jenkinsTests.tmp/jenkins7714710826479367480test/workspace/job/
Found commit author match for: ******* with email address: cf9536@att.com
expose:
  Annotations:
    helm.sh/hook: post-install,post-upgrade
    helm.sh/hook-delete-policy: hook-succeeded
  config:
    domain: ci.att.io
    exposer: Ingress
    http: "true"
preview:
  image:
    repository: 10.3.0.167:5000/*******/nodejs3
    tag: 0.0.0-SNAPSHOT-PR-11-1
Applying generated chart . YAML via kubectl in dir: /tmp/helm-template-workdir-440390012/preview/output
role.rbac.authorization.k8s.io/cleanup configured
rolebinding.rbac.authorization.k8s.io/cleanup configured
serviceaccount/cleanup configured
configmap/exposecontroller configured
role.rbac.authorization.k8s.io/expose configured
rolebinding.rbac.authorization.k8s.io/expose configured
serviceaccount/expose configured
deployment.extensions/preview-preview configured
service/nodejs3 configured

Applying Helm hook post-upgrade YAML via kubectl in file: /tmp/helm-template-workdir-440390012/preview/helmHooks/preview/charts/expose/templates/job.yaml
job.batch/expose created

Waiting for helm post-upgrade hook Job expose to complete before removing it
Deleting helm hook sources from file: /tmp/helm-template-workdir-440390012/preview/helmHooks/preview/charts/expose/templates/job.yaml
job.batch "expose" deleted
Removing Kubernetes resources from older releases using selector: jenkins.io/chart-release=preview,jenkins.io/version!=0.0.0-SNAPSHOT-PR-11-1 from all pvc configmap release sa role rolebinding secret
Removing Kubernetes resources from older releases using selector: jenkins.io/chart-release=preview,jenkins.io/version!=0.0.0-SNAPSHOT-PR-11-1,jenkins.io/namespace=**-*******-nodejs3-pr-11 from clusterrole clusterrolebinding
Updating PipelineActivities *******-nodejs3-pr-11-1 which has status Running
Preview application is now available at: https://cd.att.io

[Pipeline] }
[Pipeline] // dir
[Pipeline] }
[Pipeline] // withEnv
[Pipeline] }
[Pipeline] // stage
[Pipeline] stage
[Pipeline] { (Build Release)
Stage "Build Release" skipped due to when conditional
[Pipeline] }
[Pipeline] // stage
[Pipeline] stage
[Pipeline] { (Promote to Environments)
Stage "Promote to Environments" skipped due to when conditional
[Pipeline] }
[Pipeline] // stage
[Pipeline] }
[Pipeline] // withEnv
[Pipeline] }
[Pipeline] // withCredentials
[Pipeline] }
[Pipeline] // node
[Pipeline] End of Pipeline
Finished: SUCCESS
