Step: build-step-credential-initializer:

{"level":"warn","ts":1558771849.6610253,"logger":"fallback-logger","caller":"logging/config.go:65","msg":"Fetch GitHub commit ID from kodata failed: \"ref: refs/heads/test\" is not a valid GitHub commit ID"}
{"level":"info","ts":1558771849.6613617,"logger":"fallback-logger","caller":"creds-init/main.go:40","msg":"Credentials initialized."}
Step: build-step-git-source-0:

{"level":"warn","ts":1558771850.749907,"logger":"fallback-logger","caller":"logging/config.go:65","msg":"Fetch GitHub commit ID from kodata failed: \"ref: refs/heads/test\" is not a valid GitHub commit ID"}
{"level":"info","ts":1558771850.9053252,"logger":"fallback-logger","caller":"git-init/main.go:92","msg":"Successfully cloned \"https://github.com/*******/nodejs3.git\" @ \"d2e9b1a4a0a2de5988191ea0ad2522ecd078a9b8\" in path \"/workspace\""}
Step: build-step-jenkins:

Picked up _JAVA_OPTIONS: -Xmx400m
Started
Running in Durability level: PERFORMANCE_OPTIMIZED
  12.105 [id=54]	WARNING	i.f.k.c.i.VersionUsageUtils#alert: The client is using resource type 'customresourcedefinitions' with unstable version 'v1beta1'
[Pipeline] Start of Pipeline
[Pipeline] node
Running on Jenkins in /tmp/jenkinsTests.tmp/jenkins2459066656038470131test/workspace/job
[Pipeline] {
[Pipeline] stage
[Pipeline] { (Declarative: Checkout SCM)
[Pipeline] checkout
[Pipeline] }
[Pipeline] // stage
[Pipeline] withCredentials
Masking only exact matches of $CHARTMUSEUM_CREDS or $CHARTMUSEUM_CREDS_USR or $CHARTMUSEUM_CREDS_PSW
[Pipeline] {
[Pipeline] withEnv
[Pipeline] {
[Pipeline] stage
[Pipeline] { (CI Build and push snapshot)
[Pipeline] withEnv
[Pipeline] {
[Pipeline] sh
+ npm install
npm notice created a lockfile as package-lock.json. You should commit this file.
npm WARN REPLACE_ME@1.0.0 No repository field.
npm WARN REPLACE_ME@1.0.0 No license field.

up to date in 0.088s
[Pipeline] sh
+ CI=true DISPLAY=:99 npm test

> REPLACE_ME@1.0.0 test /tmp/jenkinsTests.tmp/jenkins2459066656038470131test/workspace/job
> echo "no test specified" && exit 0

no test specified
[Pipeline] sh
+ export VERSION=0.0.0-SNAPSHOT-PR-10-2
+ skaffold build -f skaffold.yaml
time="2019-05-25T08:11:15Z" level=warning msg="config version (skaffold/v1beta2) out of date: upgrading to latest (skaffold/v1beta7)"
Generating tags...
 - changeme -> 10.3.0.167:5000/*******/nodejs3:0.0.0-SNAPSHOT-PR-10-2
Tags generated in 141.1µs
Starting build...
Building [changeme]...
Sending build context to Docker daemon  96.26kB
Step 1/6 : FROM node:9-slim
 ---> e20bb4abe4ee
Step 2/6 : ENV PORT 8080
 ---> Using cache
 ---> 09489b3b805b
Step 3/6 : EXPOSE 8080
 ---> Using cache
 ---> 2fcca0867fa1
Step 4/6 : WORKDIR /usr/src/app
 ---> Using cache
 ---> 93df73c7f534
Step 5/6 : COPY . .
 ---> 8a1a07b05929
Step 6/6 : CMD ["npm", "start"]
 ---> Running in a13a34a94fe8
 ---> 529891abeb08
Successfully built 529891abeb08
Successfully tagged 10.3.0.167:5000/*******/nodejs3:0.0.0-SNAPSHOT-PR-10-2
The push refers to repository [10.3.0.167:5000/*******/nodejs3]
4bbaf51efe94: Preparing
58b895012ee0: Preparing
e16c226cf2a8: Preparing
7fd597d009e4: Preparing
7c6ab5fb7059: Preparing
ed271eac23e9: Preparing
156ff16f37e4: Preparing
156ff16f37e4: Waiting
ed271eac23e9: Waiting
7c6ab5fb7059: Layer already exists
7fd597d009e4: Layer already exists
e16c226cf2a8: Layer already exists
58b895012ee0: Layer already exists
ed271eac23e9: Layer already exists
156ff16f37e4: Layer already exists
4bbaf51efe94: Pushed
0.0.0-SNAPSHOT-PR-10-2: digest: sha256:2973738c41396a4a39de10b7be1b8be8a400895bfa0a546f69579eb9db7b1e1c size: 1786
Build complete in 2.377151041s
Starting test...
Test complete in 5.2µs
Complete in 2.385571731s
There is a new version (0.30.0) of Skaffold available. Download it at https://storage.googleapis.com/skaffold/releases/latest/skaffold-linux-amd64

[Pipeline] sh
+ ** step post build --image 10.3.0.167:5000/*******/nodejs3:0.0.0-SNAPSHOT-PR-10-2
[Pipeline] dir
Running in /tmp/jenkinsTests.tmp/jenkins2459066656038470131test/workspace/job/charts/preview
[Pipeline] {
[Pipeline] sh
+ make preview
sed -i -e "s/version:.*/version: 0.0.0-SNAPSHOT-PR-10-2/" Chart.yaml
sed -i -e "s/version:.*/version: 0.0.0-SNAPSHOT-PR-10-2/" ../*/Chart.yaml
sed -i -e "s|repository:.*|repository: 10.3.0.167:5000\/*******\/nodejs3|" values.yaml
sed -i -e "s/tag:.*/tag: 0.0.0-SNAPSHOT-PR-10-2/" values.yaml
echo "  version: 0.0.0-SNAPSHOT-PR-10-2" >> requirements.yaml
** step helm build
No $CHART_REPOSITORY defined so using the default value of: http://jenkins-x-chartmuseum:8080
Adding missing Helm repo: jenkins-x http://chartmuseum.jenkins-x.io
Successfully added Helm repository jenkins-x.
Adding missing Helm repo: releases http://jenkins-x-chartmuseum:8080
Successfully added Helm repository releases.
[Pipeline] sh
+ ** preview --app nodejs3 --dir ../..
Creating a preview
Commit author email is empty for: 5771392926ac6f246646a9b06a6d080d116c1011
Looking for commits in: /tmp/jenkinsTests.tmp/jenkins2459066656038470131test/workspace/job/
Commit not found: 5771392926ac6f246646a9b06a6d080d116c1011
Commit author email is empty for: d2e9b1a4a0a2de5988191ea0ad2522ecd078a9b8
Looking for commits in: /tmp/jenkinsTests.tmp/jenkins2459066656038470131test/workspace/job/
Found commit author match for: ******* with email address: cf9536@att.com
expose:
  Annotations:
    helm.sh/hook: post-install,post-upgrade
    helm.sh/hook-delete-policy: hook-succeeded
  config:
    domain: ci.att.io
    exposer: Ingress
    http: "true"
preview:
  image:
    repository: 10.3.0.167:5000/*******/nodejs3
    tag: 0.0.0-SNAPSHOT-PR-10-2
Applying generated chart . YAML via kubectl in dir: /tmp/helm-template-workdir-970633001/preview/output
role.rbac.authorization.k8s.io/cleanup configured
rolebinding.rbac.authorization.k8s.io/cleanup configured
serviceaccount/cleanup configured
configmap/exposecontroller configured
role.rbac.authorization.k8s.io/expose configured
rolebinding.rbac.authorization.k8s.io/expose configured
serviceaccount/expose configured
deployment.extensions/preview-preview configured
service/nodejs3 configured

Applying Helm hook post-upgrade YAML via kubectl in file: /tmp/helm-template-workdir-970633001/preview/helmHooks/preview/charts/expose/templates/job.yaml
job.batch/expose created

Waiting for helm post-upgrade hook Job expose to complete before removing it
Deleting helm hook sources from file: /tmp/helm-template-workdir-970633001/preview/helmHooks/preview/charts/expose/templates/job.yaml
job.batch "expose" deleted
Removing Kubernetes resources from older releases using selector: jenkins.io/chart-release=preview,jenkins.io/version!=0.0.0-SNAPSHOT-PR-10-2 from all pvc configmap release sa role rolebinding secret
Removing Kubernetes resources from older releases using selector: jenkins.io/chart-release=preview,jenkins.io/version!=0.0.0-SNAPSHOT-PR-10-2,jenkins.io/namespace=**-*******-nodejs3-pr-10 from clusterrole clusterrolebinding
Updating PipelineActivities *******-nodejs3-pr-10-2 which has status Running
Preview application is now available at: https://cd.att.io

[Pipeline] }
[Pipeline] // dir
[Pipeline] }
[Pipeline] // withEnv
[Pipeline] }
[Pipeline] // stage
[Pipeline] stage
[Pipeline] { (Build Release)
Stage "Build Release" skipped due to when conditional
[Pipeline] }
[Pipeline] // stage
[Pipeline] stage
[Pipeline] { (Promote to Environments)
Stage "Promote to Environments" skipped due to when conditional
[Pipeline] }
[Pipeline] // stage
[Pipeline] }
[Pipeline] // withEnv
[Pipeline] }
[Pipeline] // withCredentials
[Pipeline] }
[Pipeline] // node
[Pipeline] End of Pipeline
Finished: SUCCESS
