Step: build-step-credential-initializer:

{"level":"warn","ts":1558773282.3425472,"logger":"fallback-logger","caller":"logging/config.go:65","msg":"Fetch GitHub commit ID from kodata failed: \"ref: refs/heads/test\" is not a valid GitHub commit ID"}
{"level":"info","ts":1558773282.3428755,"logger":"fallback-logger","caller":"creds-init/main.go:40","msg":"Credentials initialized."}
Step: build-step-git-source-0:

{"level":"warn","ts":1558773283.832867,"logger":"fallback-logger","caller":"logging/config.go:65","msg":"Fetch GitHub commit ID from kodata failed: \"ref: refs/heads/test\" is not a valid GitHub commit ID"}
{"level":"info","ts":1558773284.0142643,"logger":"fallback-logger","caller":"git-init/main.go:92","msg":"Successfully cloned \"https://github.com/*******/nodejs3.git\" @ \"bdfa284ef879ad5f9fd861e8daefc348c1b6a0d3\" in path \"/workspace\""}
Step: build-step-jenkins:

Picked up _JAVA_OPTIONS: -Xmx400m
Started
Running in Durability level: PERFORMANCE_OPTIMIZED
  12.071 [id=19]	WARNING	i.f.k.c.i.VersionUsageUtils#alert: The client is using resource type 'customresourcedefinitions' with unstable version 'v1beta1'
[Pipeline] Start of Pipeline
[Pipeline] node
Running on Jenkins in /tmp/jenkinsTests.tmp/jenkins8267625715390741467test/workspace/job
[Pipeline] {
[Pipeline] stage
[Pipeline] { (Declarative: Checkout SCM)
[Pipeline] checkout
[Pipeline] }
[Pipeline] // stage
[Pipeline] withCredentials
Masking only exact matches of $CHARTMUSEUM_CREDS or $CHARTMUSEUM_CREDS_USR or $CHARTMUSEUM_CREDS_PSW
[Pipeline] {
[Pipeline] withEnv
[Pipeline] {
[Pipeline] stage
[Pipeline] { (CI Build and push snapshot)
[Pipeline] withEnv
[Pipeline] {
[Pipeline] sh
+ npm install
npm notice created a lockfile as package-lock.json. You should commit this file.
npm WARN REPLACE_ME@1.0.0 No repository field.
npm WARN REPLACE_ME@1.0.0 No license field.

up to date in 0.073s
[Pipeline] sh
+ CI=true DISPLAY=:99 npm test

> REPLACE_ME@1.0.0 test /tmp/jenkinsTests.tmp/jenkins8267625715390741467test/workspace/job
> echo "no test specified" && exit 0

no test specified
[Pipeline] sh
+ export VERSION=0.0.0-SNAPSHOT-PR-10-5
+ skaffold build -f skaffold.yaml
time="2019-05-25T08:35:06Z" level=warning msg="config version (skaffold/v1beta2) out of date: upgrading to latest (skaffold/v1beta7)"
Generating tags...
 - changeme -> 10.3.0.167:5000/*******/nodejs3:0.0.0-SNAPSHOT-PR-10-5
Tags generated in 245.8µs
Starting build...
Building [changeme]...
Sending build context to Docker daemon  96.26kB
Step 1/6 : FROM node:9-slim
 ---> e20bb4abe4ee
Step 2/6 : ENV PORT 8080
 ---> Using cache
 ---> 09489b3b805b
Step 3/6 : EXPOSE 8080
 ---> Using cache
 ---> 2fcca0867fa1
Step 4/6 : WORKDIR /usr/src/app
 ---> Using cache
 ---> 93df73c7f534
Step 5/6 : COPY . .
 ---> f7db84e76cdd
Step 6/6 : CMD ["npm", "start"]
 ---> Running in 3de9c632eb06
 ---> 4ff70da0b4ee
Successfully built 4ff70da0b4ee
Successfully tagged 10.3.0.167:5000/*******/nodejs3:0.0.0-SNAPSHOT-PR-10-5
The push refers to repository [10.3.0.167:5000/*******/nodejs3]
03aaa3ebf013: Preparing
58b895012ee0: Preparing
e16c226cf2a8: Preparing
7fd597d009e4: Preparing
7c6ab5fb7059: Preparing
ed271eac23e9: Preparing
156ff16f37e4: Preparing
ed271eac23e9: Waiting
156ff16f37e4: Waiting
e16c226cf2a8: Layer already exists
58b895012ee0: Layer already exists
7fd597d009e4: Layer already exists
7c6ab5fb7059: Layer already exists
ed271eac23e9: Layer already exists
156ff16f37e4: Layer already exists
03aaa3ebf013: Pushed
0.0.0-SNAPSHOT-PR-10-5: digest: sha256:832efe967fd27d066df699a8a0048764e9776d05ad3caf443d28dedf2ff38372 size: 1786
Build complete in 2.47966044s
Starting test...
Test complete in 4.9µs
Complete in 2.486730647s
There is a new version (0.30.0) of Skaffold available. Download it at https://storage.googleapis.com/skaffold/releases/latest/skaffold-linux-amd64

[Pipeline] sh
+ ** step post build --image 10.3.0.167:5000/*******/nodejs3:0.0.0-SNAPSHOT-PR-10-5
[Pipeline] dir
Running in /tmp/jenkinsTests.tmp/jenkins8267625715390741467test/workspace/job/charts/preview
[Pipeline] {
[Pipeline] sh
+ make preview
sed -i -e "s/version:.*/version: 0.0.0-SNAPSHOT-PR-10-5/" Chart.yaml
sed -i -e "s/version:.*/version: 0.0.0-SNAPSHOT-PR-10-5/" ../*/Chart.yaml
sed -i -e "s|repository:.*|repository: 10.3.0.167:5000\/*******\/nodejs3|" values.yaml
sed -i -e "s/tag:.*/tag: 0.0.0-SNAPSHOT-PR-10-5/" values.yaml
echo "  version: 0.0.0-SNAPSHOT-PR-10-5" >> requirements.yaml
** step helm build
No $CHART_REPOSITORY defined so using the default value of: http://jenkins-x-chartmuseum:8080
Adding missing Helm repo: jenkins-x http://chartmuseum.jenkins-x.io
Successfully added Helm repository jenkins-x.
Adding missing Helm repo: releases http://jenkins-x-chartmuseum:8080
Successfully added Helm repository releases.
[Pipeline] sh
+ ** preview --app nodejs3 --dir ../..
Creating a preview
Commit author email is empty for: 5771392926ac6f246646a9b06a6d080d116c1011
Looking for commits in: /tmp/jenkinsTests.tmp/jenkins8267625715390741467test/workspace/job/
Commit not found: 5771392926ac6f246646a9b06a6d080d116c1011
Commit author email is empty for: d2e9b1a4a0a2de5988191ea0ad2522ecd078a9b8
Looking for commits in: /tmp/jenkinsTests.tmp/jenkins8267625715390741467test/workspace/job/
Commit not found: d2e9b1a4a0a2de5988191ea0ad2522ecd078a9b8
Commit author email is empty for: 2ba76046b90928365bc8c217dfa9ff330d6a5cba
Looking for commits in: /tmp/jenkinsTests.tmp/jenkins8267625715390741467test/workspace/job/
Commit not found: 2ba76046b90928365bc8c217dfa9ff330d6a5cba
Commit author email is empty for: b0449ddc6dd8ee4adf3205cda3d4f0fccd26fa93
Looking for commits in: /tmp/jenkinsTests.tmp/jenkins8267625715390741467test/workspace/job/
Commit not found: b0449ddc6dd8ee4adf3205cda3d4f0fccd26fa93
Commit author email is empty for: bdfa284ef879ad5f9fd861e8daefc348c1b6a0d3
Looking for commits in: /tmp/jenkinsTests.tmp/jenkins8267625715390741467test/workspace/job/
Found commit author match for: ******* with email address: cf9536@att.com
expose:
  Annotations:
    helm.sh/hook: post-install,post-upgrade
    helm.sh/hook-delete-policy: hook-succeeded
  config:
    domain: ci.att.io
    exposer: Ingress
    http: "true"
preview:
  image:
    repository: 10.3.0.167:5000/*******/nodejs3
    tag: 0.0.0-SNAPSHOT-PR-10-5
Applying generated chart . YAML via kubectl in dir: /tmp/helm-template-workdir-525357710/preview/output
role.rbac.authorization.k8s.io/cleanup configured
rolebinding.rbac.authorization.k8s.io/cleanup configured
serviceaccount/cleanup configured
configmap/exposecontroller configured
role.rbac.authorization.k8s.io/expose configured
rolebinding.rbac.authorization.k8s.io/expose configured
serviceaccount/expose configured
deployment.extensions/preview-preview configured
service/nodejs3 configured

Applying Helm hook post-upgrade YAML via kubectl in file: /tmp/helm-template-workdir-525357710/preview/helmHooks/preview/charts/expose/templates/job.yaml
job.batch/expose created

Waiting for helm post-upgrade hook Job expose to complete before removing it
Deleting helm hook sources from file: /tmp/helm-template-workdir-525357710/preview/helmHooks/preview/charts/expose/templates/job.yaml
job.batch "expose" deleted
Removing Kubernetes resources from older releases using selector: jenkins.io/chart-release=preview,jenkins.io/version!=0.0.0-SNAPSHOT-PR-10-5 from all pvc configmap release sa role rolebinding secret
Removing Kubernetes resources from older releases using selector: jenkins.io/chart-release=preview,jenkins.io/version!=0.0.0-SNAPSHOT-PR-10-5,jenkins.io/namespace=**-*******-nodejs3-pr-10 from clusterrole clusterrolebinding
Updating PipelineActivities *******-nodejs3-pr-10-5 which has status Running
Preview application is now available at: https://cd.att.io

[Pipeline] }
[Pipeline] // dir
[Pipeline] }
[Pipeline] // withEnv
[Pipeline] }
[Pipeline] // stage
[Pipeline] stage
[Pipeline] { (Build Release)
Stage "Build Release" skipped due to when conditional
[Pipeline] }
[Pipeline] // stage
[Pipeline] stage
[Pipeline] { (Promote to Environments)
Stage "Promote to Environments" skipped due to when conditional
[Pipeline] }
[Pipeline] // stage
[Pipeline] }
[Pipeline] // withEnv
[Pipeline] }
[Pipeline] // withCredentials
[Pipeline] }
[Pipeline] // node
[Pipeline] End of Pipeline
Finished: SUCCESS
