Step: build-step-credential-initializer:

{"level":"warn","ts":1557905573.2330358,"logger":"fallback-logger","caller":"logging/config.go:65","msg":"Fetch GitHub commit ID from kodata failed: \"ref: refs/heads/test\" is not a valid GitHub commit ID"}
{"level":"info","ts":1557905573.2334473,"logger":"fallback-logger","caller":"creds-init/main.go:40","msg":"Credentials initialized."}
Step: build-step-git-source-0:

{"level":"warn","ts":1557905574.0684562,"logger":"fallback-logger","caller":"logging/config.go:65","msg":"Fetch GitHub commit ID from kodata failed: \"ref: refs/heads/test\" is not a valid GitHub commit ID"}
{"level":"info","ts":1557905574.238473,"logger":"fallback-logger","caller":"git-init/main.go:92","msg":"Successfully cloned \"https://github.com/*******/nodejs3.git\" @ \"c51301714c5a1272831f88bf68a9ac55398ef8e2\" in path \"/workspace\""}
Step: build-step-jenkins:

Picked up _JAVA_OPTIONS: -Xmx400m
Started
Running in Durability level: PERFORMANCE_OPTIMIZED
  11.984 [id=28]	WARNING	i.f.k.c.i.VersionUsageUtils#alert: The client is using resource type 'customresourcedefinitions' with unstable version 'v1beta1'
[Pipeline] Start of Pipeline
[Pipeline] node
Running on Jenkins in /tmp/jenkinsTests.tmp/jenkins8151117823885580664test/workspace/job
[Pipeline] {
[Pipeline] stage
[Pipeline] { (Declarative: Checkout SCM)
[Pipeline] checkout
[Pipeline] }
[Pipeline] // stage
[Pipeline] withCredentials
Masking only exact matches of $CHARTMUSEUM_CREDS or $CHARTMUSEUM_CREDS_USR or $CHARTMUSEUM_CREDS_PSW
[Pipeline] {
[Pipeline] withEnv
[Pipeline] {
[Pipeline] stage
[Pipeline] { (CI Build and push snapshot)
Stage "CI Build and push snapshot" skipped due to when conditional
[Pipeline] }
[Pipeline] // stage
[Pipeline] stage
[Pipeline] { (Build Release)
[Pipeline] git
 > git rev-parse --is-inside-work-tree # timeout=10
Fetching changes from the remote Git repository
 > git config remote.origin.url https://github.com/*******/nodejs3.git # timeout=10
Fetching upstream changes from https://github.com/*******/nodejs3.git
 > git --version # timeout=10
 > git fetch --tags --progress https://github.com/*******/nodejs3.git +refs/heads/*:refs/remotes/origin/*
 > git rev-parse refs/remotes/origin/master^{commit} # timeout=10
 > git rev-parse refs/remotes/origin/origin/master^{commit} # timeout=10
Checking out Revision c51301714c5a1272831f88bf68a9ac55398ef8e2 (refs/remotes/origin/master)
 > git config core.sparsecheckout # timeout=10
 > git checkout -f c51301714c5a1272831f88bf68a9ac55398ef8e2
 > git branch -a -v --no-abbrev # timeout=10
 > git branch -D master # timeout=10
 > git checkout -b master c51301714c5a1272831f88bf68a9ac55398ef8e2
Commit message: "Update OWNERS_ALIASES"
First time build. Skipping changelog.
[Pipeline] sh
+ **-release-version
+ echo 0.0.4
[Pipeline] sh
+ cat VERSION
+ ** step tag --version 0.0.4
Updating chart version in charts/nodejs3/Chart.yaml to 0.0.4
Updating repository in charts/nodejs3/values.yaml to 10.3.0.167:5000/*******/nodejs3
Updating tag in charts/nodejs3/values.yaml to 0.0.4
Tag v0.0.4 created and pushed to remote origin
[Pipeline] sh
+ npm install
npm notice created a lockfile as package-lock.json. You should commit this file.
npm WARN REPLACE_ME@1.0.0 No repository field.
npm WARN REPLACE_ME@1.0.0 No license field.

up to date in 0.08s
[Pipeline] sh
+ CI=true DISPLAY=:99 npm test

> REPLACE_ME@1.0.0 test /tmp/jenkinsTests.tmp/jenkins8151117823885580664test/workspace/job
> echo "no test specified" && exit 0

no test specified
[Pipeline] sh
+ cat VERSION
+ export VERSION=0.0.4
+ skaffold build -f skaffold.yaml
time="2019-05-15T07:33:21Z" level=warning msg="config version (skaffold/v1beta2) out of date: upgrading to latest (skaffold/v1beta7)"
Generating tags...
 - changeme -> 10.3.0.167:5000/*******/nodejs3:0.0.4
Tags generated in 138.2µs
Starting build...
Building [changeme]...
Sending build context to Docker daemon  209.9kB
Step 1/6 : FROM node:9-slim
 ---> e20bb4abe4ee
Step 2/6 : ENV PORT 8080
 ---> Using cache
 ---> 09489b3b805b
Step 3/6 : EXPOSE 8080
 ---> Using cache
 ---> 2fcca0867fa1
Step 4/6 : WORKDIR /usr/src/app
 ---> Using cache
 ---> 93df73c7f534
Step 5/6 : COPY . .
 ---> cf09aea80557
Step 6/6 : CMD ["npm", "start"]
 ---> Running in 4353287d5f76
 ---> 919b3a574daa
Successfully built 919b3a574daa
Successfully tagged 10.3.0.167:5000/*******/nodejs3:0.0.4
The push refers to repository [10.3.0.167:5000/*******/nodejs3]
658eafd217a0: Preparing
58b895012ee0: Preparing
e16c226cf2a8: Preparing
7fd597d009e4: Preparing
7c6ab5fb7059: Preparing
ed271eac23e9: Preparing
156ff16f37e4: Preparing
ed271eac23e9: Waiting
156ff16f37e4: Waiting
7fd597d009e4: Layer already exists
7c6ab5fb7059: Layer already exists
58b895012ee0: Layer already exists
e16c226cf2a8: Layer already exists
ed271eac23e9: Layer already exists
156ff16f37e4: Layer already exists
658eafd217a0: Pushed
0.0.4: digest: sha256:242c0b1592437d69050a210baa8a3b82014fb1e20c99f8e421ec3e1504296612 size: 1787
Build complete in 3.812700547s
Starting test...
Test complete in 6µs
Complete in 3.818429554s
There is a new version (0.29.0) of Skaffold available. Download it at https://storage.googleapis.com/skaffold/releases/latest/skaffold-linux-amd64

[Pipeline] sh
+ cat VERSION
+ ** step post build --image 10.3.0.167:5000/*******/nodejs3:0.0.4
[Pipeline] }
[Pipeline] // stage
[Pipeline] stage
[Pipeline] { (Promote to Environments)
[Pipeline] dir
Running in /tmp/jenkinsTests.tmp/jenkins8151117823885580664test/workspace/job/charts/nodejs3
[Pipeline] {
[Pipeline] sh
+ cat ../../VERSION
+ ** step changelog --batch-mode --version v0.0.4
Converted /tmp/jenkinsTests.tmp/jenkins8151117823885580664test/workspace/job/charts/nodejs3 to an unshallow repository
Generating change log from git ref c51301714c5a1272831f88bf68a9ac55398ef8e2 => 0b200d93bb43796a2338792f8bdcb1c78eb9230c
Failed to enrich commits with issues: User.jenkins.io "-0" is invalid: metadata.name: Invalid value: "-0": a DNS-1123 subdomain must consist of lower case alphanumeric characters, '-' or '.', and must start and end with an alphanumeric character (e.g. 'example.com', regex used for validation is '[a-z0-9]([-a-z0-9]*[a-z0-9])?(\.[a-z0-9]([-a-z0-9]*[a-z0-9])?)*')
Failed to enrich commits with issues: User.jenkins.io "-0" is invalid: metadata.name: Invalid value: "-0": a DNS-1123 subdomain must consist of lower case alphanumeric characters, '-' or '.', and must start and end with an alphanumeric character (e.g. 'example.com', regex used for validation is '[a-z0-9]([-a-z0-9]*[a-z0-9])?(\.[a-z0-9]([-a-z0-9]*[a-z0-9])?)*')
Finding issues in commit messages using git format
No release found for *******/nodejs3 and tag v0.0.4 so creating a new release
Updated the release information at https://github.com/*******/nodejs3/releases/tag/v0.0.4
generated: /tmp/jenkinsTests.tmp/jenkins8151117823885580664test/workspace/job/charts/nodejs3/templates/release.yaml
Created Release nodejs3-0-0-4 resource in namespace **
Updating PipelineActivity *******-nodejs3-master-4 with version 0.0.4
Updated PipelineActivities *******-nodejs3-master-4 with release notes URL: https://github.com/*******/nodejs3/releases/tag/v0.0.4
[Pipeline] sh
+ ** step helm release
No $CHART_REPOSITORY defined so using the default value of: http://jenkins-x-chartmuseum:8080
Adding missing Helm repo: jenkins-x http://chartmuseum.jenkins-x.io
Successfully added Helm repository jenkins-x.
Adding missing Helm repo: releases http://jenkins-x-chartmuseum:8080
Successfully added Helm repository releases.
No $CHART_REPOSITORY defined so using the default value of: http://jenkins-x-chartmuseum:8080
Uploading chart file nodejs3-0.0.4.tgz to http://jenkins-x-chartmuseum:8080/api/charts
Received 201 response: {"saved":true}
[Pipeline] sh
+ cat ../../VERSION
+ ** promote -b --all-auto --timeout 1h --version 0.0.4
prow based install so skip waiting for the merge of Pull Requests to go green as currently there is an issue with gettingstatuses from the PR, see https://github.com/jenkins-x/**/issues/2410
Promoting app nodejs3 version 0.0.4 to namespace **-staging
Created Pull Request: https://github.com/*******/environment-guardiantiny-staging/pull/4

Pull Request https://github.com/*******/environment-guardiantiny-staging/pull/4 is merged at sha 504465205703d49c12ac0c04eebb95269987851b
Pull Request merged but we are not waiting for the update pipeline to complete!
[Pipeline] }
[Pipeline] // dir
[Pipeline] }
[Pipeline] // stage
[Pipeline] }
[Pipeline] // withEnv
[Pipeline] }
[Pipeline] // withCredentials
[Pipeline] }
[Pipeline] // node
[Pipeline] End of Pipeline
Finished: SUCCESS
