Step: build-step-credential-initializer:

{"level":"warn","ts":1557905743.1077442,"logger":"fallback-logger","caller":"logging/config.go:65","msg":"Fetch GitHub commit ID from kodata failed: \"ref: refs/heads/test\" is not a valid GitHub commit ID"}
{"level":"info","ts":1557905743.108104,"logger":"fallback-logger","caller":"creds-init/main.go:40","msg":"Credentials initialized."}
Step: build-step-git-source-0:

{"level":"warn","ts":1557905744.0648086,"logger":"fallback-logger","caller":"logging/config.go:65","msg":"Fetch GitHub commit ID from kodata failed: \"ref: refs/heads/test\" is not a valid GitHub commit ID"}
{"level":"info","ts":1557905744.2135403,"logger":"fallback-logger","caller":"git-init/main.go:92","msg":"Successfully cloned \"https://github.com/*******/nodejs3.git\" @ \"8d13606fc93af84a2704e34a211b09ad3f16ffdf\" in path \"/workspace\""}
Step: build-step-jenkins:

Picked up _JAVA_OPTIONS: -Xmx400m
Started
Running in Durability level: PERFORMANCE_OPTIMIZED
  12.817 [id=33]	WARNING	i.f.k.c.i.VersionUsageUtils#alert: The client is using resource type 'customresourcedefinitions' with unstable version 'v1beta1'
[Pipeline] Start of Pipeline
[Pipeline] node
Running on Jenkins in /tmp/jenkinsTests.tmp/jenkins3434726558355891212test/workspace/job
[Pipeline] {
[Pipeline] stage
[Pipeline] { (Declarative: Checkout SCM)
[Pipeline] checkout
[Pipeline] }
[Pipeline] // stage
[Pipeline] withCredentials
Masking only exact matches of $CHARTMUSEUM_CREDS or $CHARTMUSEUM_CREDS_USR or $CHARTMUSEUM_CREDS_PSW
[Pipeline] {
[Pipeline] withEnv
[Pipeline] {
[Pipeline] stage
[Pipeline] { (CI Build and push snapshot)
Stage "CI Build and push snapshot" skipped due to when conditional
[Pipeline] }
[Pipeline] // stage
[Pipeline] stage
[Pipeline] { (Build Release)
[Pipeline] git
 > git rev-parse --is-inside-work-tree # timeout=10
Fetching changes from the remote Git repository
 > git config remote.origin.url https://github.com/*******/nodejs3.git # timeout=10
Fetching upstream changes from https://github.com/*******/nodejs3.git
 > git --version # timeout=10
 > git fetch --tags --progress https://github.com/*******/nodejs3.git +refs/heads/*:refs/remotes/origin/*
 > git rev-parse refs/remotes/origin/master^{commit} # timeout=10
 > git rev-parse refs/remotes/origin/origin/master^{commit} # timeout=10
Checking out Revision 8d13606fc93af84a2704e34a211b09ad3f16ffdf (refs/remotes/origin/master)
 > git config core.sparsecheckout # timeout=10
 > git checkout -f 8d13606fc93af84a2704e34a211b09ad3f16ffdf
 > git branch -a -v --no-abbrev # timeout=10
 > git branch -D master # timeout=10
 > git checkout -b master 8d13606fc93af84a2704e34a211b09ad3f16ffdf
Commit message: "Update index.html"
First time build. Skipping changelog.
[Pipeline] sh
+ **-release-version
+ echo 0.0.5
[Pipeline] sh
+ cat VERSION
+ ** step tag --version 0.0.5
Updating chart version in charts/nodejs3/Chart.yaml to 0.0.5
Updating repository in charts/nodejs3/values.yaml to 10.3.0.167:5000/*******/nodejs3
Updating tag in charts/nodejs3/values.yaml to 0.0.5
Tag v0.0.5 created and pushed to remote origin
[Pipeline] sh
+ npm install
npm notice created a lockfile as package-lock.json. You should commit this file.
npm WARN REPLACE_ME@1.0.0 No repository field.
npm WARN REPLACE_ME@1.0.0 No license field.

up to date in 0.076s
[Pipeline] sh
+ CI=true DISPLAY=:99 npm test

> REPLACE_ME@1.0.0 test /tmp/jenkinsTests.tmp/jenkins3434726558355891212test/workspace/job
> echo "no test specified" && exit 0

no test specified
[Pipeline] sh
+ cat VERSION
+ export VERSION=0.0.5
+ skaffold build -f skaffold.yaml
time="2019-05-15T07:36:12Z" level=warning msg="config version (skaffold/v1beta2) out of date: upgrading to latest (skaffold/v1beta7)"
Generating tags...
 - changeme -> 10.3.0.167:5000/*******/nodejs3:0.0.5
Tags generated in 156.9µs
Starting build...
Building [changeme]...
Sending build context to Docker daemon  217.6kB
Step 1/6 : FROM node:9-slim
 ---> e20bb4abe4ee
Step 2/6 : ENV PORT 8080
 ---> Using cache
 ---> 09489b3b805b
Step 3/6 : EXPOSE 8080
 ---> Using cache
 ---> 2fcca0867fa1
Step 4/6 : WORKDIR /usr/src/app
 ---> Using cache
 ---> 93df73c7f534
Step 5/6 : COPY . .
 ---> 9aa1dbae5931
Step 6/6 : CMD ["npm", "start"]
 ---> Running in b63244bd1124
 ---> 1b753e07eb41
Successfully built 1b753e07eb41
Successfully tagged 10.3.0.167:5000/*******/nodejs3:0.0.5
The push refers to repository [10.3.0.167:5000/*******/nodejs3]
5fea1cd61bcb: Preparing
58b895012ee0: Preparing
e16c226cf2a8: Preparing
7fd597d009e4: Preparing
7c6ab5fb7059: Preparing
ed271eac23e9: Preparing
156ff16f37e4: Preparing
ed271eac23e9: Waiting
e16c226cf2a8: Layer already exists
7c6ab5fb7059: Layer already exists
58b895012ee0: Layer already exists
7fd597d009e4: Layer already exists
ed271eac23e9: Layer already exists
156ff16f37e4: Layer already exists
5fea1cd61bcb: Pushed
0.0.5: digest: sha256:d16fe52eebed4255916dcaac0b15a1583530c916c1324a84739aa8e2c0756b90 size: 1787
Build complete in 2.314576036s
Starting test...
Test complete in 37.701µs
Complete in 2.319982444s
There is a new version (0.29.0) of Skaffold available. Download it at https://storage.googleapis.com/skaffold/releases/latest/skaffold-linux-amd64

[Pipeline] sh
+ cat VERSION
+ ** step post build --image 10.3.0.167:5000/*******/nodejs3:0.0.5
[Pipeline] }
[Pipeline] // stage
[Pipeline] stage
[Pipeline] { (Promote to Environments)
[Pipeline] dir
Running in /tmp/jenkinsTests.tmp/jenkins3434726558355891212test/workspace/job/charts/nodejs3
[Pipeline] {
[Pipeline] sh
+ cat ../../VERSION
+ ** step changelog --batch-mode --version v0.0.5
Converted /tmp/jenkinsTests.tmp/jenkins3434726558355891212test/workspace/job/charts/nodejs3 to an unshallow repository
Generating change log from git ref 8d13606fc93af84a2704e34a211b09ad3f16ffdf => b8ce2f9e3c0233c451a99b62d9615d50f678df5f
Failed to enrich commits with issues: User.jenkins.io "-0" is invalid: metadata.name: Invalid value: "-0": a DNS-1123 subdomain must consist of lower case alphanumeric characters, '-' or '.', and must start and end with an alphanumeric character (e.g. 'example.com', regex used for validation is '[a-z0-9]([-a-z0-9]*[a-z0-9])?(\.[a-z0-9]([-a-z0-9]*[a-z0-9])?)*')
Failed to enrich commits with issues: User.jenkins.io "-0" is invalid: metadata.name: Invalid value: "-0": a DNS-1123 subdomain must consist of lower case alphanumeric characters, '-' or '.', and must start and end with an alphanumeric character (e.g. 'example.com', regex used for validation is '[a-z0-9]([-a-z0-9]*[a-z0-9])?(\.[a-z0-9]([-a-z0-9]*[a-z0-9])?)*')
Finding issues in commit messages using git format
No release found for *******/nodejs3 and tag v0.0.5 so creating a new release
Updated the release information at https://github.com/*******/nodejs3/releases/tag/v0.0.5
generated: /tmp/jenkinsTests.tmp/jenkins3434726558355891212test/workspace/job/charts/nodejs3/templates/release.yaml
Created Release nodejs3-0-0-5 resource in namespace **
Updating PipelineActivity *******-nodejs3-master-5 with version 0.0.5
Updated PipelineActivities *******-nodejs3-master-5 with release notes URL: https://github.com/*******/nodejs3/releases/tag/v0.0.5
[Pipeline] sh
+ ** step helm release
No $CHART_REPOSITORY defined so using the default value of: http://jenkins-x-chartmuseum:8080
Adding missing Helm repo: jenkins-x http://chartmuseum.jenkins-x.io
Successfully added Helm repository jenkins-x.
Adding missing Helm repo: releases http://jenkins-x-chartmuseum:8080
Successfully added Helm repository releases.
No $CHART_REPOSITORY defined so using the default value of: http://jenkins-x-chartmuseum:8080
Uploading chart file nodejs3-0.0.5.tgz to http://jenkins-x-chartmuseum:8080/api/charts
Received 201 response: {"saved":true}
[Pipeline] sh
+ cat ../../VERSION
+ ** promote -b --all-auto --timeout 1h --version 0.0.5
prow based install so skip waiting for the merge of Pull Requests to go green as currently there is an issue with gettingstatuses from the PR, see https://github.com/jenkins-x/**/issues/2410
Promoting app nodejs3 version 0.0.5 to namespace **-staging
Created Pull Request: https://github.com/*******/environment-guardiantiny-staging/pull/6

Pull Request https://github.com/*******/environment-guardiantiny-staging/pull/6 is merged at sha dd2fd64c9e212ceb10e476e6d5a228269c181db1
Pull Request merged but we are not waiting for the update pipeline to complete!
[Pipeline] }
[Pipeline] // dir
[Pipeline] }
[Pipeline] // stage
[Pipeline] }
[Pipeline] // withEnv
[Pipeline] }
[Pipeline] // withCredentials
[Pipeline] }
[Pipeline] // node
[Pipeline] End of Pipeline
Finished: SUCCESS
