Step: build-step-credential-initializer:

{"level":"warn","ts":1554898265.7408764,"logger":"fallback-logger","caller":"logging/config.go:65","msg":"Fetch GitHub commit ID from kodata failed: \"ref: refs/heads/test\" is not a valid GitHub commit ID"}
{"level":"info","ts":1554898265.7412577,"logger":"fallback-logger","caller":"creds-init/main.go:40","msg":"Credentials initialized."}
Step: build-step-git-source-0:

{"level":"warn","ts":1554898266.6566045,"logger":"fallback-logger","caller":"logging/config.go:65","msg":"Fetch GitHub commit ID from kodata failed: \"ref: refs/heads/test\" is not a valid GitHub commit ID"}
{"level":"info","ts":1554898266.8621001,"logger":"fallback-logger","caller":"git-init/main.go:92","msg":"Successfully cloned \"https://github.com/*******/nodejs3.git\" @ \"8a7d86743116c47d613b24c969acaa355d3b9927\" in path \"/workspace\""}
Step: build-step-jenkins:

Picked up _JAVA_OPTIONS: -Xmx400m
Started
Running in Durability level: PERFORMANCE_OPTIMIZED
  13.664 [id=30]	WARNING	i.f.k.c.i.VersionUsageUtils#alert: The client is using resource type 'customresourcedefinitions' with unstable version 'v1beta1'
[Pipeline] Start of Pipeline
[Pipeline] node
Running on Jenkins in /tmp/jenkinsTests.tmp/jenkins31529194988583257test/workspace/job
[Pipeline] {
[Pipeline] stage
[Pipeline] { (Declarative: Checkout SCM)
[Pipeline] checkout
[Pipeline] }
[Pipeline] // stage
[Pipeline] withCredentials
Masking only exact matches of $CHARTMUSEUM_CREDS or $CHARTMUSEUM_CREDS_USR or $CHARTMUSEUM_CREDS_PSW
[Pipeline] {
[Pipeline] withEnv
[Pipeline] {
[Pipeline] stage
[Pipeline] { (CI Build and push snapshot)
[Pipeline] withEnv
[Pipeline] {
[Pipeline] sh
+ npm install
npm notice created a lockfile as package-lock.json. You should commit this file.
npm WARN REPLACE_ME@1.0.0 No repository field.
npm WARN REPLACE_ME@1.0.0 No license field.

up to date in 0.076s
[Pipeline] sh
+ CI=true DISPLAY=:99 npm test

> REPLACE_ME@1.0.0 test /tmp/jenkinsTests.tmp/jenkins31529194988583257test/workspace/job
> echo "no test specified" && exit 0

no test specified
[Pipeline] sh
+ export VERSION=0.0.0-SNAPSHOT-PR-2-3
+ skaffold build -f skaffold.yaml
time="2019-04-10T12:11:33Z" level=warning msg="config version (skaffold/v1beta2) out of date: upgrading to latest (skaffold/v1beta7)"
Generating tags...
 - changeme -> 10.3.0.167:5000/*******/nodejs3:0.0.0-SNAPSHOT-PR-2-3
Tags generated in 118.401µs
Starting build...
Building [changeme]...
Sending build context to Docker daemon  96.26kB
Step 1/6 : FROM node:9-slim
 ---> e20bb4abe4ee
Step 2/6 : ENV PORT 8080
 ---> Using cache
 ---> 88347219fdd6
Step 3/6 : EXPOSE 8080
 ---> Using cache
 ---> 8b68f37f7816
Step 4/6 : WORKDIR /usr/src/app
 ---> Using cache
 ---> 9183f268df4a
Step 5/6 : COPY . .
 ---> ee78d72ee66b
Step 6/6 : CMD ["npm", "start"]
 ---> Running in 77f60f371490
 ---> 51589eae10c8
Successfully built 51589eae10c8
Successfully tagged 10.3.0.167:5000/*******/nodejs3:0.0.0-SNAPSHOT-PR-2-3
The push refers to repository [10.3.0.167:5000/*******/nodejs3]
48a6edc9a13a: Preparing
d9b87b3a8439: Preparing
e16c226cf2a8: Preparing
7fd597d009e4: Preparing
7c6ab5fb7059: Preparing
ed271eac23e9: Preparing
156ff16f37e4: Preparing
ed271eac23e9: Waiting
156ff16f37e4: Waiting
e16c226cf2a8: Layer already exists
7fd597d009e4: Layer already exists
7c6ab5fb7059: Layer already exists
d9b87b3a8439: Layer already exists
ed271eac23e9: Layer already exists
156ff16f37e4: Layer already exists
48a6edc9a13a: Pushed
0.0.0-SNAPSHOT-PR-2-3: digest: sha256:9021d6ebf38018fa36821089cf9efda5f1188ac10e064337e08c50d80eb20fd0 size: 1786
Build complete in 3.413356947s
Starting test...
Test complete in 3.9µs
Complete in 3.419003103s
[Pipeline] sh
+ ** step post build --image 10.3.0.167:5000/*******/nodejs3:0.0.0-SNAPSHOT-PR-2-3
[Pipeline] dir
Running in /tmp/jenkinsTests.tmp/jenkins31529194988583257test/workspace/job/charts/preview
[Pipeline] {
[Pipeline] sh
+ make preview
sed -i -e "s/version:.*/version: 0.0.0-SNAPSHOT-PR-2-3/" Chart.yaml
sed -i -e "s/version:.*/version: 0.0.0-SNAPSHOT-PR-2-3/" ../*/Chart.yaml
sed -i -e "s|repository:.*|repository: 10.3.0.167:5000\/*******\/nodejs3|" values.yaml
sed -i -e "s/tag:.*/tag: 0.0.0-SNAPSHOT-PR-2-3/" values.yaml
echo "  version: 0.0.0-SNAPSHOT-PR-2-3" >> requirements.yaml
** step helm build
No $CHART_REPOSITORY defined so using the default value of: http://jenkins-x-chartmuseum:8080
Adding missing Helm repo: jenkins-x http://chartmuseum.jenkins-x.io
Successfully added Helm repository jenkins-x.
Adding missing Helm repo: releases http://jenkins-x-chartmuseum:8080
Successfully added Helm repository releases.
[Pipeline] sh
+ ** preview --app nodejs3 --dir ../..
Creating a preview
Commit author email is empty for: 7994ee19b80afe51882f067be5b8887e76716c8c
Looking for commits in: /tmp/jenkinsTests.tmp/jenkins31529194988583257test/workspace/job/
Commit not found: 7994ee19b80afe51882f067be5b8887e76716c8c
Commit author email is empty for: a50fd2cba9c13a2ced948c66199b270b035d67da
Looking for commits in: /tmp/jenkinsTests.tmp/jenkins31529194988583257test/workspace/job/
Commit not found: a50fd2cba9c13a2ced948c66199b270b035d67da
Commit author email is empty for: 8a7d86743116c47d613b24c969acaa355d3b9927
Looking for commits in: /tmp/jenkinsTests.tmp/jenkins31529194988583257test/workspace/job/
Found commit author match for: ******* with email address: cf9536@att.com
expose:
  Annotations:
    helm.sh/hook: post-install,post-upgrade
    helm.sh/hook-delete-policy: hook-succeeded
  config:
    domain: ci.att.io
    exposer: Ingress
    http: "true"
preview:
  image:
    repository: 10.3.0.167:5000/*******/nodejs3
    tag: 0.0.0-SNAPSHOT-PR-2-3
Applying generated chart . YAML via kubectl in dir: /tmp/helm-template-workdir-368914168/preview/output
role.rbac.authorization.k8s.io/cleanup configured
rolebinding.rbac.authorization.k8s.io/cleanup configured
serviceaccount/cleanup configured
configmap/exposecontroller configured
role.rbac.authorization.k8s.io/expose configured
rolebinding.rbac.authorization.k8s.io/expose configured
serviceaccount/expose configured
deployment.extensions/preview-preview configured
service/nodejs3 configured

Applying Helm hook post-upgrade YAML via kubectl in file: /tmp/helm-template-workdir-368914168/preview/helmHooks/preview/charts/expose/templates/job.yaml
job.batch/expose created

Waiting for helm post-upgrade hook Job expose to complete before removing it
Deleting helm hook sources from file: /tmp/helm-template-workdir-368914168/preview/helmHooks/preview/charts/expose/templates/job.yaml
job.batch "expose" deleted
Removing Kubernetes resources from older releases using selector: jenkins.io/chart-release=preview,jenkins.io/version!=0.0.0-SNAPSHOT-PR-2-3 from all pvc configmap release sa role rolebinding secret
Removing Kubernetes resources from older releases using selector: jenkins.io/chart-release=preview,jenkins.io/version!=0.0.0-SNAPSHOT-PR-2-3,jenkins.io/namespace=**-*******-nodejs3-pr-2 from clusterrole clusterrolebinding
Updating PipelineActivities *******-nodejs3-pr-2-3 which has status Running
Preview application is now available at: http://nodejs3.**-*******-nodejs3-pr-2.ci.att.io

[Pipeline] }
[Pipeline] // dir
[Pipeline] }
[Pipeline] // withEnv
[Pipeline] }
[Pipeline] // stage
[Pipeline] stage
[Pipeline] { (Build Release)
Stage "Build Release" skipped due to when conditional
[Pipeline] }
[Pipeline] // stage
[Pipeline] stage
[Pipeline] { (Promote to Environments)
Stage "Promote to Environments" skipped due to when conditional
[Pipeline] }
[Pipeline] // stage
[Pipeline] }
[Pipeline] // withEnv
[Pipeline] }
[Pipeline] // withCredentials
[Pipeline] }
[Pipeline] // node
[Pipeline] End of Pipeline
Finished: SUCCESS
